2018-03-24 10:47:53 22 [Warning] Using unique option prefix myisam-recover instead of myisam-recover-options is deprecated and will be removed in a future release. Please use the full name instead.
2018-03-24 10:47:53 22 [Note] Plugin 'FEDERATED' is disabled.
2018-03-24 10:47:53 22 [Note] InnoDB: Using atomics to ref count buffer pool pages
2018-03-24 10:47:53 22 [Note] InnoDB: The InnoDB memory heap is disabled
2018-03-24 10:47:53 22 [Note] InnoDB: Mutexes and rw_locks use GCC atomic builtins
2018-03-24 10:47:53 22 [Note] InnoDB: Memory barrier is not used
2018-03-24 10:47:53 22 [Note] InnoDB: Compressed tables use zlib 1.2.3
2018-03-24 10:47:53 22 [Note] InnoDB: Using Linux native AIO
2018-03-24 10:47:53 22 [Note] InnoDB: Using CPU crc32 instructions
2018-03-24 10:47:53 22 [Note] InnoDB: Initializing buffer pool, size = 32.0M
2018-03-24 10:47:53 22 [Note] InnoDB: Completed initialization of buffer pool
2018-03-24 10:47:53 22 [Note] InnoDB: Highest supported file format is Barracuda.
2018-03-24 10:47:53 22 [Note] InnoDB: The log sequence numbers 1625987 and 1625987 in ibdata files do not match the log sequence number 1625997 in the ib_logfiles!
2018-03-24 10:47:53 22 [Note] InnoDB: Database was not shutdown normally!
2018-03-24 10:47:53 22 [Note] InnoDB: Starting crash recovery.
2018-03-24 10:47:53 22 [Note] InnoDB: Reading tablespace information from the .ibd files...
2018-03-24 10:47:53 22 [Note] InnoDB: Restoring possible half-written data pages 
2018-03-24 10:47:53 22 [Note] InnoDB: from the doublewrite buffer...
2018-03-24 10:47:54 22 [Note] InnoDB: 128 rollback segment(s) are active.
2018-03-24 10:47:54 22 [Note] InnoDB: Waiting for purge to start
2018-03-24 10:47:54 22 [Note] InnoDB: 5.6.37 started; log sequence number 1625997
2018-03-24 10:47:54 22 [Note] Server hostname (bind-address): '*'; port: 3306
2018-03-24 10:47:54 22 [Note] IPv6 is available.
2018-03-24 10:47:54 22 [Note]   - '::' resolves to '::';
2018-03-24 10:47:54 22 [Note] Server socket created on IP: '::'.
2018-03-24 10:47:54 22 [ERROR] /usr/sbin/mysqld: Table './mysql/user' is marked as crashed and should be repaired
2018-03-24 10:47:54 22 [Warning] Checking table:   './mysql/user'
2018-03-24 10:47:54 22 [ERROR] 1 client is using or hasn't closed the table properly
2018-03-24 10:47:54 22 [Warning] 'user' entry 'root@e24d0b5cccc1' ignored in --skip-name-resolve mode.
2018-03-24 10:47:54 22 [Warning] 'user' entry '@e24d0b5cccc1' ignored in --skip-name-resolve mode.
2018-03-24 10:47:54 22 [Warning] 'proxies_priv' entry '@ root@e24d0b5cccc1' ignored in --skip-name-resolve mode.
2018-03-24 10:47:54 22 [Note] Event Scheduler: Loaded 0 events
2018-03-24 10:47:54 22 [Note] /usr/sbin/mysqld: ready for connections.
Version: '5.6.37'  socket: '/var/run/mysqld/mysqld.sock'  port: 3306  MySQL Community Server (GPL)
2018-03-24 11:17:44 22 [Note] /usr/sbin/mysqld: Normal shutdown

2018-03-24 11:17:44 22 [Note] Giving 0 client threads a chance to die gracefully
2018-03-24 11:17:44 22 [Note] Event Scheduler: Purging the queue. 0 events
2018-03-24 11:17:44 22 [Note] Shutting down slave threads
2018-03-24 11:17:44 22 [Note] Forcefully disconnecting 0 remaining clients
2018-03-24 11:17:44 22 [Note] Binlog end
2018-03-24 11:17:45 22 [Note] Shutting down plugin 'partition'
2018-03-24 11:17:45 22 [Note] Shutting down plugin 'INNODB_SYS_DATAFILES'
2018-03-24 11:17:45 22 [Note] Shutting down plugin 'INNODB_SYS_TABLESPACES'
2018-03-24 11:17:45 22 [Note] Shutting down plugin 'INNODB_SYS_FOREIGN_COLS'
2018-03-24 11:17:45 22 [Note] Shutting down plugin 'INNODB_SYS_FOREIGN'
2018-03-24 11:17:45 22 [Note] Shutting down plugin 'INNODB_SYS_FIELDS'
2018-03-24 11:17:45 22 [Note] Shutting down plugin 'INNODB_SYS_COLUMNS'
2018-03-24 11:17:45 22 [Note] Shutting down plugin 'INNODB_SYS_INDEXES'
2018-03-24 11:17:45 22 [Note] Shutting down plugin 'INNODB_SYS_TABLESTATS'
2018-03-24 11:17:45 22 [Note] Shutting down plugin 'INNODB_SYS_TABLES'
2018-03-24 11:17:45 22 [Note] Shutting down plugin 'INNODB_FT_INDEX_TABLE'
2018-03-24 11:17:45 22 [Note] Shutting down plugin 'INNODB_FT_INDEX_CACHE'
2018-03-24 11:17:45 22 [Note] Shutting down plugin 'INNODB_FT_CONFIG'
2018-03-24 11:17:45 22 [Note] Shutting down plugin 'INNODB_FT_BEING_DELETED'
2018-03-24 11:17:45 22 [Note] Shutting down plugin 'INNODB_FT_DELETED'
2018-03-24 11:17:45 22 [Note] Shutting down plugin 'INNODB_FT_DEFAULT_STOPWORD'
2018-03-24 11:17:45 22 [Note] Shutting down plugin 'INNODB_METRICS'
2018-03-24 11:17:45 22 [Note] Shutting down plugin 'INNODB_BUFFER_POOL_STATS'
2018-03-24 11:17:45 22 [Note] Shutting down plugin 'INNODB_BUFFER_PAGE_LRU'
2018-03-24 11:17:45 22 [Note] Shutting down plugin 'INNODB_BUFFER_PAGE'
2018-03-24 11:17:45 22 [Note] Shutting down plugin 'INNODB_CMP_PER_INDEX_RESET'
2018-03-24 11:17:45 22 [Note] Shutting down plugin 'INNODB_CMP_PER_INDEX'
2018-03-24 11:17:45 22 [Note] Shutting down plugin 'INNODB_CMPMEM_RESET'
2018-03-24 11:17:45 22 [Note] Shutting down plugin 'INNODB_CMPMEM'
2018-03-24 11:17:45 22 [Note] Shutting down plugin 'INNODB_CMP_RESET'
2018-03-24 11:17:45 22 [Note] Shutting down plugin 'INNODB_CMP'
2018-03-24 11:17:45 22 [Note] Shutting down plugin 'INNODB_LOCK_WAITS'
2018-03-24 11:17:45 22 [Note] Shutting down plugin 'INNODB_LOCKS'
2018-03-24 11:17:45 22 [Note] Shutting down plugin 'INNODB_TRX'
2018-03-24 11:17:45 22 [Note] Shutting down plugin 'InnoDB'
2018-03-24 11:17:45 22 [Note] InnoDB: FTS optimize thread exiting.
2018-03-24 11:17:45 22 [Note] InnoDB: Starting shutdown...
2018-03-24 11:18:07 37 [Warning] Using unique option prefix myisam-recover instead of myisam-recover-options is deprecated and will be removed in a future release. Please use the full name instead.
2018-03-24 11:18:07 37 [Note] Plugin 'FEDERATED' is disabled.
2018-03-24 11:18:07 37 [Note] InnoDB: Using atomics to ref count buffer pool pages
2018-03-24 11:18:07 37 [Note] InnoDB: The InnoDB memory heap is disabled
2018-03-24 11:18:07 37 [Note] InnoDB: Mutexes and rw_locks use GCC atomic builtins
2018-03-24 11:18:07 37 [Note] InnoDB: Memory barrier is not used
2018-03-24 11:18:07 37 [Note] InnoDB: Compressed tables use zlib 1.2.3
2018-03-24 11:18:07 37 [Note] InnoDB: Using Linux native AIO
2018-03-24 11:18:07 37 [Note] InnoDB: Using CPU crc32 instructions
2018-03-24 11:18:07 37 [Note] InnoDB: Initializing buffer pool, size = 32.0M
2018-03-24 11:18:07 37 [Note] InnoDB: Completed initialization of buffer pool
2018-03-24 11:18:07 37 [Note] InnoDB: Highest supported file format is Barracuda.
2018-03-24 11:18:08 37 [Note] InnoDB: 128 rollback segment(s) are active.
2018-03-24 11:18:08 37 [Note] InnoDB: Waiting for purge to start
2018-03-24 11:18:08 37 [Note] InnoDB: 5.6.37 started; log sequence number 2842476
2018-03-24 11:18:08 37 [Note] Server hostname (bind-address): '*'; port: 3306
2018-03-24 11:18:08 37 [Note] IPv6 is available.
2018-03-24 11:18:08 37 [Note]   - '::' resolves to '::';
2018-03-24 11:18:08 37 [Note] Server socket created on IP: '::'.
2018-03-24 11:18:08 37 [Warning] 'user' entry 'root@e24d0b5cccc1' ignored in --skip-name-resolve mode.
2018-03-24 11:18:08 37 [Warning] 'user' entry '@e24d0b5cccc1' ignored in --skip-name-resolve mode.
2018-03-24 11:18:08 37 [Warning] 'proxies_priv' entry '@ root@e24d0b5cccc1' ignored in --skip-name-resolve mode.
2018-03-24 11:18:08 37 [Note] Event Scheduler: Loaded 0 events
2018-03-24 11:18:08 37 [Note] /usr/sbin/mysqld: ready for connections.
Version: '5.6.37'  socket: '/var/run/mysqld/mysqld.sock'  port: 3306  MySQL Community Server (GPL)
2018-03-24 11:30:27 37 [Note] /usr/sbin/mysqld: Normal shutdown

2018-03-24 11:30:27 37 [Note] Giving 0 client threads a chance to die gracefully
2018-03-24 11:30:27 37 [Note] Event Scheduler: Purging the queue. 0 events
2018-03-24 11:30:27 37 [Note] Shutting down slave threads
2018-03-24 11:30:27 37 [Note] Forcefully disconnecting 0 remaining clients
2018-03-24 11:30:27 37 [Note] Binlog end
2018-03-24 11:30:28 37 [Note] Shutting down plugin 'partition'
2018-03-24 11:30:28 37 [Note] Shutting down plugin 'INNODB_SYS_DATAFILES'
2018-03-24 11:30:28 37 [Note] Shutting down plugin 'INNODB_SYS_TABLESPACES'
2018-03-24 11:30:28 37 [Note] Shutting down plugin 'INNODB_SYS_FOREIGN_COLS'
2018-03-24 11:30:28 37 [Note] Shutting down plugin 'INNODB_SYS_FOREIGN'
2018-03-24 11:30:28 37 [Note] Shutting down plugin 'INNODB_SYS_FIELDS'
2018-03-24 11:30:28 37 [Note] Shutting down plugin 'INNODB_SYS_COLUMNS'
2018-03-24 11:30:28 37 [Note] Shutting down plugin 'INNODB_SYS_INDEXES'
2018-03-24 11:30:28 37 [Note] Shutting down plugin 'INNODB_SYS_TABLESTATS'
2018-03-24 11:30:28 37 [Note] Shutting down plugin 'INNODB_SYS_TABLES'
2018-03-24 11:30:28 37 [Note] Shutting down plugin 'INNODB_FT_INDEX_TABLE'
2018-03-24 11:30:28 37 [Note] Shutting down plugin 'INNODB_FT_INDEX_CACHE'
2018-03-24 11:30:28 37 [Note] Shutting down plugin 'INNODB_FT_CONFIG'
2018-03-24 11:30:28 37 [Note] Shutting down plugin 'INNODB_FT_BEING_DELETED'
2018-03-24 11:30:28 37 [Note] Shutting down plugin 'INNODB_FT_DELETED'
2018-03-24 11:30:28 37 [Note] Shutting down plugin 'INNODB_FT_DEFAULT_STOPWORD'
2018-03-24 11:30:28 37 [Note] Shutting down plugin 'INNODB_METRICS'
2018-03-24 11:30:28 37 [Note] Shutting down plugin 'INNODB_BUFFER_POOL_STATS'
2018-03-24 11:30:28 37 [Note] Shutting down plugin 'INNODB_BUFFER_PAGE_LRU'
2018-03-24 11:30:28 37 [Note] Shutting down plugin 'INNODB_BUFFER_PAGE'
2018-03-24 11:30:28 37 [Note] Shutting down plugin 'INNODB_CMP_PER_INDEX_RESET'
2018-03-24 11:30:28 37 [Note] Shutting down plugin 'INNODB_CMP_PER_INDEX'
2018-03-24 11:30:28 37 [Note] Shutting down plugin 'INNODB_CMPMEM_RESET'
2018-03-24 11:30:28 37 [Note] Shutting down plugin 'INNODB_CMPMEM'
2018-03-24 11:30:28 37 [Note] Shutting down plugin 'INNODB_CMP_RESET'
2018-03-24 11:30:28 37 [Note] Shutting down plugin 'INNODB_CMP'
2018-03-24 11:30:28 37 [Note] Shutting down plugin 'INNODB_LOCK_WAITS'
2018-03-24 11:30:28 37 [Note] Shutting down plugin 'INNODB_LOCKS'
2018-03-24 11:30:28 37 [Note] Shutting down plugin 'INNODB_TRX'
2018-03-24 11:30:28 37 [Note] Shutting down plugin 'InnoDB'
2018-03-24 11:30:28 37 [Note] InnoDB: FTS optimize thread exiting.
2018-03-24 11:30:28 37 [Note] InnoDB: Starting shutdown...
2018-03-24 11:30:59 37 [Warning] Using unique option prefix myisam-recover instead of myisam-recover-options is deprecated and will be removed in a future release. Please use the full name instead.
2018-03-24 11:30:59 37 [Note] Plugin 'FEDERATED' is disabled.
2018-03-24 11:30:59 37 [Note] InnoDB: Using atomics to ref count buffer pool pages
2018-03-24 11:30:59 37 [Note] InnoDB: The InnoDB memory heap is disabled
2018-03-24 11:30:59 37 [Note] InnoDB: Mutexes and rw_locks use GCC atomic builtins
2018-03-24 11:30:59 37 [Note] InnoDB: Memory barrier is not used
2018-03-24 11:30:59 37 [Note] InnoDB: Compressed tables use zlib 1.2.3
2018-03-24 11:30:59 37 [Note] InnoDB: Using Linux native AIO
2018-03-24 11:30:59 37 [Note] InnoDB: Using CPU crc32 instructions
2018-03-24 11:30:59 37 [Note] InnoDB: Initializing buffer pool, size = 32.0M
2018-03-24 11:30:59 37 [Note] InnoDB: Completed initialization of buffer pool
2018-03-24 11:30:59 37 [Note] InnoDB: Highest supported file format is Barracuda.
2018-03-24 11:30:59 37 [Note] InnoDB: 128 rollback segment(s) are active.
2018-03-24 11:30:59 37 [Note] InnoDB: Waiting for purge to start
2018-03-24 11:30:59 37 [Note] InnoDB: 5.6.37 started; log sequence number 2911991
2018-03-24 11:30:59 37 [Note] Server hostname (bind-address): '*'; port: 3306
2018-03-24 11:30:59 37 [Note] IPv6 is available.
2018-03-24 11:30:59 37 [Note]   - '::' resolves to '::';
2018-03-24 11:30:59 37 [Note] Server socket created on IP: '::'.
2018-03-24 11:30:59 37 [Warning] 'user' entry 'root@e24d0b5cccc1' ignored in --skip-name-resolve mode.
2018-03-24 11:30:59 37 [Warning] 'user' entry '@e24d0b5cccc1' ignored in --skip-name-resolve mode.
2018-03-24 11:30:59 37 [Warning] 'proxies_priv' entry '@ root@e24d0b5cccc1' ignored in --skip-name-resolve mode.
2018-03-24 11:30:59 37 [Note] Event Scheduler: Loaded 0 events
2018-03-24 11:30:59 37 [Note] /usr/sbin/mysqld: ready for connections.
Version: '5.6.37'  socket: '/var/run/mysqld/mysqld.sock'  port: 3306  MySQL Community Server (GPL)
2018-03-24 19:00:33 14 [Warning] Using unique option prefix myisam-recover instead of myisam-recover-options is deprecated and will be removed in a future release. Please use the full name instead.
2018-03-24 19:00:33 14 [Note] Plugin 'FEDERATED' is disabled.
2018-03-24 19:00:33 14 [Note] InnoDB: Using atomics to ref count buffer pool pages
2018-03-24 19:00:33 14 [Note] InnoDB: The InnoDB memory heap is disabled
2018-03-24 19:00:33 14 [Note] InnoDB: Mutexes and rw_locks use GCC atomic builtins
2018-03-24 19:00:33 14 [Note] InnoDB: Memory barrier is not used
2018-03-24 19:00:33 14 [Note] InnoDB: Compressed tables use zlib 1.2.3
2018-03-24 19:00:33 14 [Note] InnoDB: Using Linux native AIO
2018-03-24 19:00:34 14 [Note] InnoDB: Using CPU crc32 instructions
2018-03-24 19:00:34 14 [Note] InnoDB: Initializing buffer pool, size = 32.0M
2018-03-24 19:00:34 14 [Note] InnoDB: Completed initialization of buffer pool
2018-03-24 19:00:34 14 [Note] InnoDB: Highest supported file format is Barracuda.
2018-03-24 19:00:34 14 [Note] InnoDB: The log sequence numbers 2911991 and 2911991 in ibdata files do not match the log sequence number 3197735 in the ib_logfiles!
2018-03-24 19:00:34 14 [Note] InnoDB: Database was not shutdown normally!
2018-03-24 19:00:34 14 [Note] InnoDB: Starting crash recovery.
2018-03-24 19:00:34 14 [Note] InnoDB: Reading tablespace information from the .ibd files...
2018-03-24 19:00:34 14 [Note] InnoDB: Restoring possible half-written data pages 
2018-03-24 19:00:34 14 [Note] InnoDB: from the doublewrite buffer...
2018-03-24 19:00:36 14 [Note] InnoDB: 128 rollback segment(s) are active.
2018-03-24 19:00:36 14 [Note] InnoDB: Waiting for purge to start
2018-03-24 19:00:36 14 [Note] InnoDB: 5.6.37 started; log sequence number 3197735
2018-03-24 19:00:36 14 [Note] Server hostname (bind-address): '*'; port: 3306
2018-03-24 19:00:36 14 [Note] IPv6 is available.
2018-03-24 19:00:36 14 [Note]   - '::' resolves to '::';
2018-03-24 19:00:36 14 [Note] Server socket created on IP: '::'.
2018-03-24 19:00:36 14 [Warning] 'user' entry 'root@e24d0b5cccc1' ignored in --skip-name-resolve mode.
2018-03-24 19:00:36 14 [Warning] 'user' entry '@e24d0b5cccc1' ignored in --skip-name-resolve mode.
2018-03-24 19:00:36 14 [Warning] 'proxies_priv' entry '@ root@e24d0b5cccc1' ignored in --skip-name-resolve mode.
2018-03-24 19:00:36 14 [Note] Event Scheduler: Loaded 0 events
2018-03-24 19:00:36 14 [Note] /usr/sbin/mysqld: ready for connections.
Version: '5.6.37'  socket: '/var/run/mysqld/mysqld.sock'  port: 3306  MySQL Community Server (GPL)
2018-03-24 21:35:40 14 [Warning] Using unique option prefix myisam-recover instead of myisam-recover-options is deprecated and will be removed in a future release. Please use the full name instead.
2018-03-24 21:35:40 14 [Note] Plugin 'FEDERATED' is disabled.
2018-03-24 21:35:40 14 [Note] InnoDB: Using atomics to ref count buffer pool pages
2018-03-24 21:35:40 14 [Note] InnoDB: The InnoDB memory heap is disabled
2018-03-24 21:35:40 14 [Note] InnoDB: Mutexes and rw_locks use GCC atomic builtins
2018-03-24 21:35:40 14 [Note] InnoDB: Memory barrier is not used
2018-03-24 21:35:40 14 [Note] InnoDB: Compressed tables use zlib 1.2.3
2018-03-24 21:35:40 14 [Note] InnoDB: Using Linux native AIO
2018-03-24 21:35:40 14 [Note] InnoDB: Using CPU crc32 instructions
2018-03-24 21:35:40 14 [Note] InnoDB: Initializing buffer pool, size = 32.0M
2018-03-24 21:35:40 14 [Note] InnoDB: Completed initialization of buffer pool
2018-03-24 21:35:40 14 [Note] InnoDB: Highest supported file format is Barracuda.
2018-03-24 21:35:41 14 [Note] InnoDB: The log sequence numbers 2911991 and 2911991 in ibdata files do not match the log sequence number 3372929 in the ib_logfiles!
2018-03-24 21:35:41 14 [Note] InnoDB: Database was not shutdown normally!
2018-03-24 21:35:41 14 [Note] InnoDB: Starting crash recovery.
2018-03-24 21:35:41 14 [Note] InnoDB: Reading tablespace information from the .ibd files...
2018-03-24 21:35:41 14 [Note] InnoDB: Restoring possible half-written data pages 
2018-03-24 21:35:41 14 [Note] InnoDB: from the doublewrite buffer...
2018-03-24 21:35:42 14 [Note] InnoDB: 128 rollback segment(s) are active.
2018-03-24 21:35:42 14 [Note] InnoDB: Waiting for purge to start
2018-03-24 21:35:42 14 [Note] InnoDB: 5.6.37 started; log sequence number 3372929
2018-03-24 21:35:42 14 [Note] Server hostname (bind-address): '*'; port: 3306
2018-03-24 21:35:42 14 [Note] IPv6 is available.
2018-03-24 21:35:42 14 [Note]   - '::' resolves to '::';
2018-03-24 21:35:42 14 [Note] Server socket created on IP: '::'.
2018-03-24 21:35:42 14 [Warning] 'user' entry 'root@e24d0b5cccc1' ignored in --skip-name-resolve mode.
2018-03-24 21:35:42 14 [Warning] 'user' entry '@e24d0b5cccc1' ignored in --skip-name-resolve mode.
2018-03-24 21:35:42 14 [Warning] 'proxies_priv' entry '@ root@e24d0b5cccc1' ignored in --skip-name-resolve mode.
2018-03-24 21:35:43 14 [Note] Event Scheduler: Loaded 0 events
2018-03-24 21:35:43 14 [Note] /usr/sbin/mysqld: ready for connections.
Version: '5.6.37'  socket: '/var/run/mysqld/mysqld.sock'  port: 3306  MySQL Community Server (GPL)
2018-03-25 09:41:50 14 [Warning] Using unique option prefix myisam-recover instead of myisam-recover-options is deprecated and will be removed in a future release. Please use the full name instead.
2018-03-25 09:41:50 14 [Note] Plugin 'FEDERATED' is disabled.
2018-03-25 09:41:50 14 [Note] InnoDB: Using atomics to ref count buffer pool pages
2018-03-25 09:41:50 14 [Note] InnoDB: The InnoDB memory heap is disabled
2018-03-25 09:41:50 14 [Note] InnoDB: Mutexes and rw_locks use GCC atomic builtins
2018-03-25 09:41:50 14 [Note] InnoDB: Memory barrier is not used
2018-03-25 09:41:50 14 [Note] InnoDB: Compressed tables use zlib 1.2.3
2018-03-25 09:41:50 14 [Note] InnoDB: Using Linux native AIO
2018-03-25 09:41:50 14 [Note] InnoDB: Using CPU crc32 instructions
2018-03-25 09:41:50 14 [Note] InnoDB: Initializing buffer pool, size = 32.0M
2018-03-25 09:41:50 14 [Note] InnoDB: Completed initialization of buffer pool
2018-03-25 09:41:50 14 [Note] InnoDB: Highest supported file format is Barracuda.
2018-03-25 09:41:50 14 [Note] InnoDB: The log sequence numbers 2911991 and 2911991 in ibdata files do not match the log sequence number 3374826 in the ib_logfiles!
2018-03-25 09:41:50 14 [Note] InnoDB: Database was not shutdown normally!
2018-03-25 09:41:50 14 [Note] InnoDB: Starting crash recovery.
2018-03-25 09:41:50 14 [Note] InnoDB: Reading tablespace information from the .ibd files...
2018-03-25 09:41:51 14 [Note] InnoDB: Restoring possible half-written data pages 
2018-03-25 09:41:51 14 [Note] InnoDB: from the doublewrite buffer...
2018-03-25 09:41:52 14 [Note] InnoDB: 128 rollback segment(s) are active.
2018-03-25 09:41:52 14 [Note] InnoDB: Waiting for purge to start
2018-03-25 09:41:52 14 [Note] InnoDB: 5.6.37 started; log sequence number 3374826
2018-03-25 09:41:52 14 [Note] Server hostname (bind-address): '*'; port: 3306
2018-03-25 09:41:52 14 [Note] IPv6 is available.
2018-03-25 09:41:52 14 [Note]   - '::' resolves to '::';
2018-03-25 09:41:52 14 [Note] Server socket created on IP: '::'.
2018-03-25 09:41:52 14 [Warning] 'user' entry 'root@e24d0b5cccc1' ignored in --skip-name-resolve mode.
2018-03-25 09:41:52 14 [Warning] 'user' entry '@e24d0b5cccc1' ignored in --skip-name-resolve mode.
2018-03-25 09:41:52 14 [Warning] 'proxies_priv' entry '@ root@e24d0b5cccc1' ignored in --skip-name-resolve mode.
2018-03-25 09:41:53 14 [Note] Event Scheduler: Loaded 0 events
2018-03-25 09:41:53 14 [Note] /usr/sbin/mysqld: ready for connections.
Version: '5.6.37'  socket: '/var/run/mysqld/mysqld.sock'  port: 3306  MySQL Community Server (GPL)
2018-03-25 15:12:37 47 [Warning] Using unique option prefix myisam-recover instead of myisam-recover-options is deprecated and will be removed in a future release. Please use the full name instead.
2018-03-25 15:12:37 47 [Note] Plugin 'FEDERATED' is disabled.
2018-03-25 15:12:37 47 [Note] InnoDB: Using atomics to ref count buffer pool pages
2018-03-25 15:12:37 47 [Note] InnoDB: The InnoDB memory heap is disabled
2018-03-25 15:12:37 47 [Note] InnoDB: Mutexes and rw_locks use GCC atomic builtins
2018-03-25 15:12:37 47 [Note] InnoDB: Memory barrier is not used
2018-03-25 15:12:37 47 [Note] InnoDB: Compressed tables use zlib 1.2.3
2018-03-25 15:12:37 47 [Note] InnoDB: Using Linux native AIO
2018-03-25 15:12:37 47 [Note] InnoDB: Using CPU crc32 instructions
2018-03-25 15:12:37 47 [Note] InnoDB: Initializing buffer pool, size = 32.0M
2018-03-25 15:12:37 47 [Note] InnoDB: Completed initialization of buffer pool
2018-03-25 15:12:37 47 [Note] InnoDB: Highest supported file format is Barracuda.
2018-03-25 15:12:37 47 [Note] InnoDB: The log sequence numbers 2911991 and 2911991 in ibdata files do not match the log sequence number 3887426 in the ib_logfiles!
2018-03-25 15:12:37 47 [Note] InnoDB: Database was not shutdown normally!
2018-03-25 15:12:37 47 [Note] InnoDB: Starting crash recovery.
2018-03-25 15:12:37 47 [Note] InnoDB: Reading tablespace information from the .ibd files...
2018-03-25 15:12:37 47 [Note] InnoDB: Restoring possible half-written data pages 
2018-03-25 15:12:37 47 [Note] InnoDB: from the doublewrite buffer...
2018-03-25 15:12:38 47 [Note] InnoDB: 128 rollback segment(s) are active.
2018-03-25 15:12:38 47 [Note] InnoDB: Waiting for purge to start
2018-03-25 15:12:38 47 [Note] InnoDB: 5.6.37 started; log sequence number 3887426
2018-03-25 15:12:38 47 [Note] Server hostname (bind-address): '*'; port: 3306
2018-03-25 15:12:38 47 [Note] IPv6 is available.
2018-03-25 15:12:38 47 [Note]   - '::' resolves to '::';
2018-03-25 15:12:38 47 [Note] Server socket created on IP: '::'.
2018-03-25 15:12:38 47 [Warning] 'user' entry 'root@e24d0b5cccc1' ignored in --skip-name-resolve mode.
2018-03-25 15:12:38 47 [Warning] 'user' entry '@e24d0b5cccc1' ignored in --skip-name-resolve mode.
2018-03-25 15:12:38 47 [Warning] 'proxies_priv' entry '@ root@e24d0b5cccc1' ignored in --skip-name-resolve mode.
2018-03-25 15:12:39 47 [Note] Event Scheduler: Loaded 0 events
2018-03-25 15:12:39 47 [Note] /usr/sbin/mysqld: ready for connections.
Version: '5.6.37'  socket: '/var/run/mysqld/mysqld.sock'  port: 3306  MySQL Community Server (GPL)
2018-03-25 15:46:03 47 [Note] /usr/sbin/mysqld: Normal shutdown

2018-03-25 15:46:03 47 [Note] Giving 0 client threads a chance to die gracefully
2018-03-25 15:46:03 47 [Note] Event Scheduler: Purging the queue. 0 events
2018-03-25 15:46:03 47 [Note] Shutting down slave threads
2018-03-25 15:46:03 47 [Note] Forcefully disconnecting 0 remaining clients
2018-03-25 15:46:03 47 [Note] Binlog end
2018-03-25 15:46:03 47 [Note] Shutting down plugin 'partition'
2018-03-25 15:46:03 47 [Note] Shutting down plugin 'INNODB_SYS_DATAFILES'
2018-03-25 15:46:03 47 [Note] Shutting down plugin 'INNODB_SYS_TABLESPACES'
2018-03-25 15:46:03 47 [Note] Shutting down plugin 'INNODB_SYS_FOREIGN_COLS'
2018-03-25 15:46:03 47 [Note] Shutting down plugin 'INNODB_SYS_FOREIGN'
2018-03-25 15:46:03 47 [Note] Shutting down plugin 'INNODB_SYS_FIELDS'
2018-03-25 15:46:03 47 [Note] Shutting down plugin 'INNODB_SYS_COLUMNS'
2018-03-25 15:46:03 47 [Note] Shutting down plugin 'INNODB_SYS_INDEXES'
2018-03-25 15:46:03 47 [Note] Shutting down plugin 'INNODB_SYS_TABLESTATS'
2018-03-25 15:46:03 47 [Note] Shutting down plugin 'INNODB_SYS_TABLES'
2018-03-25 15:46:03 47 [Note] Shutting down plugin 'INNODB_FT_INDEX_TABLE'
2018-03-25 15:46:03 47 [Note] Shutting down plugin 'INNODB_FT_INDEX_CACHE'
2018-03-25 15:46:03 47 [Note] Shutting down plugin 'INNODB_FT_CONFIG'
2018-03-25 15:46:03 47 [Note] Shutting down plugin 'INNODB_FT_BEING_DELETED'
2018-03-25 15:46:03 47 [Note] Shutting down plugin 'INNODB_FT_DELETED'
2018-03-25 15:46:03 47 [Note] Shutting down plugin 'INNODB_FT_DEFAULT_STOPWORD'
2018-03-25 15:46:03 47 [Note] Shutting down plugin 'INNODB_METRICS'
2018-03-25 15:46:03 47 [Note] Shutting down plugin 'INNODB_BUFFER_POOL_STATS'
2018-03-25 15:46:03 47 [Note] Shutting down plugin 'INNODB_BUFFER_PAGE_LRU'
2018-03-25 15:46:03 47 [Note] Shutting down plugin 'INNODB_BUFFER_PAGE'
2018-03-25 15:46:03 47 [Note] Shutting down plugin 'INNODB_CMP_PER_INDEX_RESET'
2018-03-25 15:46:03 47 [Note] Shutting down plugin 'INNODB_CMP_PER_INDEX'
2018-03-25 15:46:03 47 [Note] Shutting down plugin 'INNODB_CMPMEM_RESET'
2018-03-25 15:46:03 47 [Note] Shutting down plugin 'INNODB_CMPMEM'
2018-03-25 15:46:03 47 [Note] Shutting down plugin 'INNODB_CMP_RESET'
2018-03-25 15:46:03 47 [Note] Shutting down plugin 'INNODB_CMP'
2018-03-25 15:46:03 47 [Note] Shutting down plugin 'INNODB_LOCK_WAITS'
2018-03-25 15:46:03 47 [Note] Shutting down plugin 'INNODB_LOCKS'
2018-03-25 15:46:03 47 [Note] Shutting down plugin 'INNODB_TRX'
2018-03-25 15:46:03 47 [Note] Shutting down plugin 'InnoDB'
2018-03-25 15:46:03 47 [Note] InnoDB: FTS optimize thread exiting.
2018-03-25 15:46:03 47 [Note] InnoDB: Starting shutdown...
2018-03-25 15:46:04 47 [Note] InnoDB: Shutdown completed; log sequence number 3963409
2018-03-25 15:46:04 47 [Note] Shutting down plugin 'BLACKHOLE'
2018-03-25 15:46:04 47 [Note] Shutting down plugin 'ARCHIVE'
2018-03-25 15:46:04 47 [Note] Shutting down plugin 'PERFORMANCE_SCHEMA'
2018-03-25 15:46:04 47 [Note] Shutting down plugin 'MEMORY'
2018-03-25 15:46:04 47 [Note] Shutting down plugin 'MyISAM'
2018-03-25 15:46:04 47 [Note] Shutting down plugin 'MRG_MYISAM'
2018-03-25 15:46:04 47 [Note] Shutting down plugin 'CSV'
2018-03-25 15:46:04 47 [Note] Shutting down plugin 'sha256_password'
2018-03-25 15:46:04 47 [Note] Shutting down plugin 'mysql_old_password'
2018-03-25 15:46:04 47 [Note] Shutting down plugin 'mysql_native_password'
2018-03-25 15:46:04 47 [Note] Shutting down plugin 'binlog'
2018-03-25 15:46:04 47 [Note] /usr/sbin/mysqld: Shutdown complete

2018-03-25 15:46:12 38 [Warning] Using unique option prefix myisam-recover instead of myisam-recover-options is deprecated and will be removed in a future release. Please use the full name instead.
2018-03-25 15:46:12 38 [Note] Plugin 'FEDERATED' is disabled.
2018-03-25 15:46:12 38 [Note] InnoDB: Using atomics to ref count buffer pool pages
2018-03-25 15:46:12 38 [Note] InnoDB: The InnoDB memory heap is disabled
2018-03-25 15:46:12 38 [Note] InnoDB: Mutexes and rw_locks use GCC atomic builtins
2018-03-25 15:46:12 38 [Note] InnoDB: Memory barrier is not used
2018-03-25 15:46:12 38 [Note] InnoDB: Compressed tables use zlib 1.2.3
2018-03-25 15:46:12 38 [Note] InnoDB: Using Linux native AIO
2018-03-25 15:46:12 38 [Note] InnoDB: Using CPU crc32 instructions
2018-03-25 15:46:12 38 [Note] InnoDB: Initializing buffer pool, size = 32.0M
2018-03-25 15:46:12 38 [Note] InnoDB: Completed initialization of buffer pool
2018-03-25 15:46:12 38 [Note] InnoDB: Highest supported file format is Barracuda.
2018-03-25 15:46:12 38 [Note] InnoDB: 128 rollback segment(s) are active.
2018-03-25 15:46:12 38 [Note] InnoDB: Waiting for purge to start
2018-03-25 15:46:12 38 [Note] InnoDB: 5.6.37 started; log sequence number 3963409
2018-03-25 15:46:12 38 [Note] Server hostname (bind-address): '*'; port: 3306
2018-03-25 15:46:12 38 [Note] IPv6 is available.
2018-03-25 15:46:12 38 [Note]   - '::' resolves to '::';
2018-03-25 15:46:12 38 [Note] Server socket created on IP: '::'.
2018-03-25 15:46:12 38 [Warning] 'user' entry 'root@e24d0b5cccc1' ignored in --skip-name-resolve mode.
2018-03-25 15:46:12 38 [Warning] 'user' entry '@e24d0b5cccc1' ignored in --skip-name-resolve mode.
2018-03-25 15:46:12 38 [Warning] 'proxies_priv' entry '@ root@e24d0b5cccc1' ignored in --skip-name-resolve mode.
2018-03-25 15:46:12 38 [Note] Event Scheduler: Loaded 0 events
2018-03-25 15:46:12 38 [Note] /usr/sbin/mysqld: ready for connections.
Version: '5.6.37'  socket: '/var/run/mysqld/mysqld.sock'  port: 3306  MySQL Community Server (GPL)
2018-03-25 18:28:56 14 [Warning] Using unique option prefix myisam-recover instead of myisam-recover-options is deprecated and will be removed in a future release. Please use the full name instead.
2018-03-25 18:28:56 14 [Note] Plugin 'FEDERATED' is disabled.
2018-03-25 18:28:56 14 [Note] InnoDB: Using atomics to ref count buffer pool pages
2018-03-25 18:28:56 14 [Note] InnoDB: The InnoDB memory heap is disabled
2018-03-25 18:28:56 14 [Note] InnoDB: Mutexes and rw_locks use GCC atomic builtins
2018-03-25 18:28:56 14 [Note] InnoDB: Memory barrier is not used
2018-03-25 18:28:56 14 [Note] InnoDB: Compressed tables use zlib 1.2.3
2018-03-25 18:28:56 14 [Note] InnoDB: Using Linux native AIO
2018-03-25 18:28:56 14 [Note] InnoDB: Using CPU crc32 instructions
2018-03-25 18:28:56 14 [Note] InnoDB: Initializing buffer pool, size = 32.0M
2018-03-25 18:28:56 14 [Note] InnoDB: Completed initialization of buffer pool
2018-03-25 18:28:57 14 [Note] InnoDB: Highest supported file format is Barracuda.
2018-03-25 18:28:57 14 [Note] InnoDB: The log sequence numbers 3963409 and 3963409 in ibdata files do not match the log sequence number 4150259 in the ib_logfiles!
2018-03-25 18:28:57 14 [Note] InnoDB: Database was not shutdown normally!
2018-03-25 18:28:57 14 [Note] InnoDB: Starting crash recovery.
2018-03-25 18:28:57 14 [Note] InnoDB: Reading tablespace information from the .ibd files...
2018-03-25 18:28:57 14 [Note] InnoDB: Restoring possible half-written data pages 
2018-03-25 18:28:57 14 [Note] InnoDB: from the doublewrite buffer...
2018-03-25 18:28:58 14 [Note] InnoDB: 128 rollback segment(s) are active.
2018-03-25 18:28:58 14 [Note] InnoDB: Waiting for purge to start
2018-03-25 18:28:58 14 [Note] InnoDB: 5.6.37 started; log sequence number 4150259
2018-03-25 18:28:58 14 [Note] Server hostname (bind-address): '*'; port: 3306
2018-03-25 18:28:58 14 [Note] IPv6 is available.
2018-03-25 18:28:58 14 [Note]   - '::' resolves to '::';
2018-03-25 18:28:58 14 [Note] Server socket created on IP: '::'.
2018-03-25 18:28:59 14 [Warning] 'user' entry 'root@e24d0b5cccc1' ignored in --skip-name-resolve mode.
2018-03-25 18:28:59 14 [Warning] 'user' entry '@e24d0b5cccc1' ignored in --skip-name-resolve mode.
2018-03-25 18:28:59 14 [Warning] 'proxies_priv' entry '@ root@e24d0b5cccc1' ignored in --skip-name-resolve mode.
2018-03-25 18:28:59 14 [Note] Event Scheduler: Loaded 0 events
2018-03-25 18:28:59 14 [Note] /usr/sbin/mysqld: ready for connections.
Version: '5.6.37'  socket: '/var/run/mysqld/mysqld.sock'  port: 3306  MySQL Community Server (GPL)
2018-03-25 20:29:14 14 [Warning] Using unique option prefix myisam-recover instead of myisam-recover-options is deprecated and will be removed in a future release. Please use the full name instead.
2018-03-25 20:29:14 14 [Note] Plugin 'FEDERATED' is disabled.
2018-03-25 20:29:14 14 [Note] InnoDB: Using atomics to ref count buffer pool pages
2018-03-25 20:29:14 14 [Note] InnoDB: The InnoDB memory heap is disabled
2018-03-25 20:29:14 14 [Note] InnoDB: Mutexes and rw_locks use GCC atomic builtins
2018-03-25 20:29:14 14 [Note] InnoDB: Memory barrier is not used
2018-03-25 20:29:14 14 [Note] InnoDB: Compressed tables use zlib 1.2.3
2018-03-25 20:29:14 14 [Note] InnoDB: Using Linux native AIO
2018-03-25 20:29:14 14 [Note] InnoDB: Using CPU crc32 instructions
2018-03-25 20:29:14 14 [Note] InnoDB: Initializing buffer pool, size = 32.0M
2018-03-25 20:29:14 14 [Note] InnoDB: Completed initialization of buffer pool
2018-03-25 20:29:14 14 [Note] InnoDB: Highest supported file format is Barracuda.
2018-03-25 20:29:14 14 [Note] InnoDB: The log sequence numbers 3963409 and 3963409 in ibdata files do not match the log sequence number 4459719 in the ib_logfiles!
2018-03-25 20:29:14 14 [Note] InnoDB: Database was not shutdown normally!
2018-03-25 20:29:14 14 [Note] InnoDB: Starting crash recovery.
2018-03-25 20:29:14 14 [Note] InnoDB: Reading tablespace information from the .ibd files...
2018-03-25 20:29:15 14 [Note] InnoDB: Restoring possible half-written data pages 
2018-03-25 20:29:15 14 [Note] InnoDB: from the doublewrite buffer...
2018-03-25 20:29:17 14 [Note] InnoDB: 128 rollback segment(s) are active.
2018-03-25 20:29:17 14 [Note] InnoDB: Waiting for purge to start
2018-03-25 20:29:17 14 [Note] InnoDB: 5.6.37 started; log sequence number 4459719
2018-03-25 20:29:17 14 [Note] Server hostname (bind-address): '*'; port: 3306
2018-03-25 20:29:17 14 [Note] IPv6 is available.
2018-03-25 20:29:17 14 [Note]   - '::' resolves to '::';
2018-03-25 20:29:17 14 [Note] Server socket created on IP: '::'.
2018-03-25 20:29:17 14 [Warning] 'user' entry 'root@e24d0b5cccc1' ignored in --skip-name-resolve mode.
2018-03-25 20:29:17 14 [Warning] 'user' entry '@e24d0b5cccc1' ignored in --skip-name-resolve mode.
2018-03-25 20:29:17 14 [Warning] 'proxies_priv' entry '@ root@e24d0b5cccc1' ignored in --skip-name-resolve mode.
2018-03-25 20:29:17 14 [Note] Event Scheduler: Loaded 0 events
2018-03-25 20:29:17 14 [Note] /usr/sbin/mysqld: ready for connections.
Version: '5.6.37'  socket: '/var/run/mysqld/mysqld.sock'  port: 3306  MySQL Community Server (GPL)
2018-03-27 09:52:25 55 [Warning] Using unique option prefix myisam-recover instead of myisam-recover-options is deprecated and will be removed in a future release. Please use the full name instead.
2018-03-27 09:52:25 55 [Note] Plugin 'FEDERATED' is disabled.
2018-03-27 09:52:26 55 [Note] InnoDB: Using atomics to ref count buffer pool pages
2018-03-27 09:52:26 55 [Note] InnoDB: The InnoDB memory heap is disabled
2018-03-27 09:52:26 55 [Note] InnoDB: Mutexes and rw_locks use GCC atomic builtins
2018-03-27 09:52:26 55 [Note] InnoDB: Memory barrier is not used
2018-03-27 09:52:26 55 [Note] InnoDB: Compressed tables use zlib 1.2.3
2018-03-27 09:52:26 55 [Note] InnoDB: Using Linux native AIO
2018-03-27 09:52:26 55 [Note] InnoDB: Using CPU crc32 instructions
2018-03-27 09:52:26 55 [Note] InnoDB: Initializing buffer pool, size = 32.0M
2018-03-27 09:52:26 55 [Note] InnoDB: Completed initialization of buffer pool
2018-03-27 09:52:26 55 [Note] InnoDB: Highest supported file format is Barracuda.
2018-03-27 09:52:26 55 [Note] InnoDB: The log sequence numbers 3963409 and 3963409 in ibdata files do not match the log sequence number 4483263 in the ib_logfiles!
2018-03-27 09:52:26 55 [Note] InnoDB: Database was not shutdown normally!
2018-03-27 09:52:26 55 [Note] InnoDB: Starting crash recovery.
2018-03-27 09:52:26 55 [Note] InnoDB: Reading tablespace information from the .ibd files...
2018-03-27 09:52:28 55 [Note] InnoDB: Restoring possible half-written data pages 
2018-03-27 09:52:28 55 [Note] InnoDB: from the doublewrite buffer...
2018-03-27 09:52:31 55 [Note] InnoDB: 128 rollback segment(s) are active.
2018-03-27 09:52:31 55 [Note] InnoDB: Waiting for purge to start
2018-03-27 09:52:31 55 [Note] InnoDB: 5.6.37 started; log sequence number 4483263
2018-03-27 09:52:31 55 [Note] Server hostname (bind-address): '*'; port: 3306
2018-03-27 09:52:31 55 [Note] IPv6 is available.
2018-03-27 09:52:31 55 [Note]   - '::' resolves to '::';
2018-03-27 09:52:31 55 [Note] Server socket created on IP: '::'.
2018-03-27 09:52:31 55 [Warning] 'user' entry 'root@e24d0b5cccc1' ignored in --skip-name-resolve mode.
2018-03-27 09:52:31 55 [Warning] 'user' entry '@e24d0b5cccc1' ignored in --skip-name-resolve mode.
2018-03-27 09:52:31 55 [Warning] 'proxies_priv' entry '@ root@e24d0b5cccc1' ignored in --skip-name-resolve mode.
2018-03-27 09:52:31 55 [Note] Event Scheduler: Loaded 0 events
2018-03-27 09:52:31 55 [Note] /usr/sbin/mysqld: ready for connections.
Version: '5.6.37'  socket: '/var/run/mysqld/mysqld.sock'  port: 3306  MySQL Community Server (GPL)
2018-03-27 16:29:19 14 [Warning] Using unique option prefix myisam-recover instead of myisam-recover-options is deprecated and will be removed in a future release. Please use the full name instead.
2018-03-27 16:29:19 14 [Note] Plugin 'FEDERATED' is disabled.
2018-03-27 16:29:19 14 [Note] InnoDB: Using atomics to ref count buffer pool pages
2018-03-27 16:29:19 14 [Note] InnoDB: The InnoDB memory heap is disabled
2018-03-27 16:29:19 14 [Note] InnoDB: Mutexes and rw_locks use GCC atomic builtins
2018-03-27 16:29:19 14 [Note] InnoDB: Memory barrier is not used
2018-03-27 16:29:19 14 [Note] InnoDB: Compressed tables use zlib 1.2.3
2018-03-27 16:29:19 14 [Note] InnoDB: Using Linux native AIO
2018-03-27 16:29:20 14 [Note] InnoDB: Using CPU crc32 instructions
2018-03-27 16:29:20 14 [Note] InnoDB: Initializing buffer pool, size = 32.0M
2018-03-27 16:29:20 14 [Note] InnoDB: Completed initialization of buffer pool
2018-03-27 16:29:20 14 [Note] InnoDB: Highest supported file format is Barracuda.
2018-03-27 16:29:20 14 [Note] InnoDB: The log sequence numbers 3963409 and 3963409 in ibdata files do not match the log sequence number 5169551 in the ib_logfiles!
2018-03-27 16:29:20 14 [Note] InnoDB: Database was not shutdown normally!
2018-03-27 16:29:20 14 [Note] InnoDB: Starting crash recovery.
2018-03-27 16:29:20 14 [Note] InnoDB: Reading tablespace information from the .ibd files...
2018-03-27 16:29:21 14 [Note] InnoDB: Restoring possible half-written data pages 
2018-03-27 16:29:21 14 [Note] InnoDB: from the doublewrite buffer...
2018-03-27 16:29:24 14 [Note] InnoDB: 128 rollback segment(s) are active.
2018-03-27 16:29:24 14 [Note] InnoDB: Waiting for purge to start
2018-03-27 16:29:24 14 [Note] InnoDB: 5.6.37 started; log sequence number 5169551
2018-03-27 16:29:24 14 [Note] Server hostname (bind-address): '*'; port: 3306
2018-03-27 16:29:24 14 [Note] IPv6 is available.
2018-03-27 16:29:24 14 [Note]   - '::' resolves to '::';
2018-03-27 16:29:24 14 [Note] Server socket created on IP: '::'.
2018-03-27 16:29:24 14 [Warning] 'user' entry 'root@e24d0b5cccc1' ignored in --skip-name-resolve mode.
2018-03-27 16:29:24 14 [Warning] 'user' entry '@e24d0b5cccc1' ignored in --skip-name-resolve mode.
2018-03-27 16:29:24 14 [Warning] 'proxies_priv' entry '@ root@e24d0b5cccc1' ignored in --skip-name-resolve mode.
2018-03-27 16:29:24 14 [Note] Event Scheduler: Loaded 0 events
2018-03-27 16:29:24 14 [Note] /usr/sbin/mysqld: ready for connections.
Version: '5.6.37'  socket: '/var/run/mysqld/mysqld.sock'  port: 3306  MySQL Community Server (GPL)
2018-03-27 20:19:31 70 [Warning] Using unique option prefix myisam-recover instead of myisam-recover-options is deprecated and will be removed in a future release. Please use the full name instead.
2018-03-27 20:19:31 70 [Note] Plugin 'FEDERATED' is disabled.
2018-03-27 20:19:31 70 [Note] InnoDB: Using atomics to ref count buffer pool pages
2018-03-27 20:19:31 70 [Note] InnoDB: The InnoDB memory heap is disabled
2018-03-27 20:19:31 70 [Note] InnoDB: Mutexes and rw_locks use GCC atomic builtins
2018-03-27 20:19:31 70 [Note] InnoDB: Memory barrier is not used
2018-03-27 20:19:31 70 [Note] InnoDB: Compressed tables use zlib 1.2.3
2018-03-27 20:19:31 70 [Note] InnoDB: Using Linux native AIO
2018-03-27 20:19:31 70 [Note] InnoDB: Using CPU crc32 instructions
2018-03-27 20:19:31 70 [Note] InnoDB: Initializing buffer pool, size = 32.0M
2018-03-27 20:19:31 70 [Note] InnoDB: Completed initialization of buffer pool
2018-03-27 20:19:31 70 [Note] InnoDB: Highest supported file format is Barracuda.
2018-03-27 20:19:31 70 [Note] InnoDB: The log sequence numbers 3963409 and 3963409 in ibdata files do not match the log sequence number 5360335 in the ib_logfiles!
2018-03-27 20:19:31 70 [Note] InnoDB: Database was not shutdown normally!
2018-03-27 20:19:31 70 [Note] InnoDB: Starting crash recovery.
2018-03-27 20:19:31 70 [Note] InnoDB: Reading tablespace information from the .ibd files...
2018-03-27 20:19:31 70 [Note] InnoDB: Restoring possible half-written data pages 
2018-03-27 20:19:31 70 [Note] InnoDB: from the doublewrite buffer...
2018-03-27 20:19:33 70 [Note] InnoDB: 128 rollback segment(s) are active.
2018-03-27 20:19:33 70 [Note] InnoDB: Waiting for purge to start
2018-03-27 20:19:33 70 [Note] InnoDB: 5.6.37 started; log sequence number 5360335
2018-03-27 20:19:33 70 [Note] Server hostname (bind-address): '*'; port: 3306
2018-03-27 20:19:33 70 [Note] IPv6 is available.
2018-03-27 20:19:33 70 [Note]   - '::' resolves to '::';
2018-03-27 20:19:33 70 [Note] Server socket created on IP: '::'.
2018-03-27 20:19:33 70 [Warning] 'user' entry 'root@e24d0b5cccc1' ignored in --skip-name-resolve mode.
2018-03-27 20:19:33 70 [Warning] 'user' entry '@e24d0b5cccc1' ignored in --skip-name-resolve mode.
2018-03-27 20:19:33 70 [Warning] 'proxies_priv' entry '@ root@e24d0b5cccc1' ignored in --skip-name-resolve mode.
2018-03-27 20:19:33 70 [Note] Event Scheduler: Loaded 0 events
2018-03-27 20:19:33 70 [Note] /usr/sbin/mysqld: ready for connections.
Version: '5.6.37'  socket: '/var/run/mysqld/mysqld.sock'  port: 3306  MySQL Community Server (GPL)
2018-03-28 09:45:02 14 [Warning] Using unique option prefix myisam-recover instead of myisam-recover-options is deprecated and will be removed in a future release. Please use the full name instead.
2018-03-28 09:45:02 14 [Note] Plugin 'FEDERATED' is disabled.
2018-03-28 09:45:02 14 [Note] InnoDB: Using atomics to ref count buffer pool pages
2018-03-28 09:45:02 14 [Note] InnoDB: The InnoDB memory heap is disabled
2018-03-28 09:45:02 14 [Note] InnoDB: Mutexes and rw_locks use GCC atomic builtins
2018-03-28 09:45:02 14 [Note] InnoDB: Memory barrier is not used
2018-03-28 09:45:02 14 [Note] InnoDB: Compressed tables use zlib 1.2.3
2018-03-28 09:45:02 14 [Note] InnoDB: Using Linux native AIO
2018-03-28 09:45:02 14 [Note] InnoDB: Using CPU crc32 instructions
2018-03-28 09:45:02 14 [Note] InnoDB: Initializing buffer pool, size = 32.0M
2018-03-28 09:45:02 14 [Note] InnoDB: Completed initialization of buffer pool
2018-03-28 09:45:02 14 [Note] InnoDB: Highest supported file format is Barracuda.
2018-03-28 09:45:02 14 [Note] InnoDB: The log sequence numbers 3963409 and 3963409 in ibdata files do not match the log sequence number 5878675 in the ib_logfiles!
2018-03-28 09:45:02 14 [Note] InnoDB: Database was not shutdown normally!
2018-03-28 09:45:02 14 [Note] InnoDB: Starting crash recovery.
2018-03-28 09:45:02 14 [Note] InnoDB: Reading tablespace information from the .ibd files...
2018-03-28 09:45:03 14 [Note] InnoDB: Restoring possible half-written data pages 
2018-03-28 09:45:03 14 [Note] InnoDB: from the doublewrite buffer...
2018-03-28 09:45:05 14 [Note] InnoDB: 128 rollback segment(s) are active.
2018-03-28 09:45:05 14 [Note] InnoDB: Waiting for purge to start
2018-03-28 09:45:05 14 [Note] InnoDB: 5.6.37 started; log sequence number 5878675
2018-03-28 09:45:05 14 [Note] Server hostname (bind-address): '*'; port: 3306
2018-03-28 09:45:05 14 [Note] IPv6 is available.
2018-03-28 09:45:05 14 [Note]   - '::' resolves to '::';
2018-03-28 09:45:05 14 [Note] Server socket created on IP: '::'.
2018-03-28 09:45:05 14 [Warning] 'user' entry 'root@e24d0b5cccc1' ignored in --skip-name-resolve mode.
2018-03-28 09:45:05 14 [Warning] 'user' entry '@e24d0b5cccc1' ignored in --skip-name-resolve mode.
2018-03-28 09:45:05 14 [Warning] 'proxies_priv' entry '@ root@e24d0b5cccc1' ignored in --skip-name-resolve mode.
2018-03-28 09:45:05 14 [Note] Event Scheduler: Loaded 0 events
2018-03-28 09:45:05 14 [Note] /usr/sbin/mysqld: ready for connections.
Version: '5.6.37'  socket: '/var/run/mysqld/mysqld.sock'  port: 3306  MySQL Community Server (GPL)
2018-03-28 15:45:32 14 [Warning] Using unique option prefix myisam-recover instead of myisam-recover-options is deprecated and will be removed in a future release. Please use the full name instead.
2018-03-28 15:45:32 14 [Note] Plugin 'FEDERATED' is disabled.
2018-03-28 15:45:32 14 [Note] InnoDB: Using atomics to ref count buffer pool pages
2018-03-28 15:45:32 14 [Note] InnoDB: The InnoDB memory heap is disabled
2018-03-28 15:45:32 14 [Note] InnoDB: Mutexes and rw_locks use GCC atomic builtins
2018-03-28 15:45:32 14 [Note] InnoDB: Memory barrier is not used
2018-03-28 15:45:32 14 [Note] InnoDB: Compressed tables use zlib 1.2.3
2018-03-28 15:45:32 14 [Note] InnoDB: Using Linux native AIO
2018-03-28 15:45:32 14 [Note] InnoDB: Using CPU crc32 instructions
2018-03-28 15:45:32 14 [Note] InnoDB: Initializing buffer pool, size = 32.0M
2018-03-28 15:45:32 14 [Note] InnoDB: Completed initialization of buffer pool
2018-03-28 15:45:32 14 [Note] InnoDB: Highest supported file format is Barracuda.
2018-03-28 15:45:32 14 [Note] InnoDB: The log sequence numbers 3963409 and 3963409 in ibdata files do not match the log sequence number 6400930 in the ib_logfiles!
2018-03-28 15:45:32 14 [Note] InnoDB: Database was not shutdown normally!
2018-03-28 15:45:32 14 [Note] InnoDB: Starting crash recovery.
2018-03-28 15:45:32 14 [Note] InnoDB: Reading tablespace information from the .ibd files...
2018-03-28 15:45:33 14 [Note] InnoDB: Restoring possible half-written data pages 
2018-03-28 15:45:33 14 [Note] InnoDB: from the doublewrite buffer...
2018-03-28 15:45:34 14 [Note] InnoDB: 128 rollback segment(s) are active.
2018-03-28 15:45:34 14 [Note] InnoDB: Waiting for purge to start
2018-03-28 15:45:35 14 [Note] InnoDB: 5.6.37 started; log sequence number 6400930
2018-03-28 15:45:35 14 [Note] Server hostname (bind-address): '*'; port: 3306
2018-03-28 15:45:35 14 [Note] IPv6 is available.
2018-03-28 15:45:35 14 [Note]   - '::' resolves to '::';
2018-03-28 15:45:35 14 [Note] Server socket created on IP: '::'.
2018-03-28 15:45:35 14 [Warning] 'user' entry 'root@e24d0b5cccc1' ignored in --skip-name-resolve mode.
2018-03-28 15:45:35 14 [Warning] 'user' entry '@e24d0b5cccc1' ignored in --skip-name-resolve mode.
2018-03-28 15:45:35 14 [Warning] 'proxies_priv' entry '@ root@e24d0b5cccc1' ignored in --skip-name-resolve mode.
2018-03-28 15:45:35 14 [Note] Event Scheduler: Loaded 0 events
2018-03-28 15:45:35 14 [Note] /usr/sbin/mysqld: ready for connections.
Version: '5.6.37'  socket: '/var/run/mysqld/mysqld.sock'  port: 3306  MySQL Community Server (GPL)
2018-03-28 16:24:30 14 [Warning] Using unique option prefix myisam-recover instead of myisam-recover-options is deprecated and will be removed in a future release. Please use the full name instead.
2018-03-28 16:24:30 14 [Note] Plugin 'FEDERATED' is disabled.
2018-03-28 16:24:31 14 [Note] InnoDB: Using atomics to ref count buffer pool pages
2018-03-28 16:24:31 14 [Note] InnoDB: The InnoDB memory heap is disabled
2018-03-28 16:24:31 14 [Note] InnoDB: Mutexes and rw_locks use GCC atomic builtins
2018-03-28 16:24:31 14 [Note] InnoDB: Memory barrier is not used
2018-03-28 16:24:31 14 [Note] InnoDB: Compressed tables use zlib 1.2.3
2018-03-28 16:24:31 14 [Note] InnoDB: Using Linux native AIO
2018-03-28 16:24:31 14 [Note] InnoDB: Using CPU crc32 instructions
2018-03-28 16:24:31 14 [Note] InnoDB: Initializing buffer pool, size = 32.0M
2018-03-28 16:24:31 14 [Note] InnoDB: Completed initialization of buffer pool
2018-03-28 16:24:32 14 [Note] InnoDB: Highest supported file format is Barracuda.
2018-03-28 16:24:32 14 [Note] InnoDB: The log sequence numbers 3963409 and 3963409 in ibdata files do not match the log sequence number 6406614 in the ib_logfiles!
2018-03-28 16:24:32 14 [Note] InnoDB: Database was not shutdown normally!
2018-03-28 16:24:32 14 [Note] InnoDB: Starting crash recovery.
2018-03-28 16:24:32 14 [Note] InnoDB: Reading tablespace information from the .ibd files...
2018-03-28 16:24:33 14 [Note] InnoDB: Restoring possible half-written data pages 
2018-03-28 16:24:33 14 [Note] InnoDB: from the doublewrite buffer...
2018-03-28 16:24:37 14 [Note] InnoDB: 128 rollback segment(s) are active.
2018-03-28 16:24:37 14 [Note] InnoDB: Waiting for purge to start
2018-03-28 16:24:37 14 [Note] InnoDB: 5.6.37 started; log sequence number 6406614
2018-03-28 16:24:37 14 [Note] Server hostname (bind-address): '*'; port: 3306
2018-03-28 16:24:37 14 [Note] IPv6 is available.
2018-03-28 16:24:37 14 [Note]   - '::' resolves to '::';
2018-03-28 16:24:37 14 [Note] Server socket created on IP: '::'.
2018-03-28 16:24:37 14 [Warning] 'user' entry 'root@e24d0b5cccc1' ignored in --skip-name-resolve mode.
2018-03-28 16:24:37 14 [Warning] 'user' entry '@e24d0b5cccc1' ignored in --skip-name-resolve mode.
2018-03-28 16:24:37 14 [Warning] 'proxies_priv' entry '@ root@e24d0b5cccc1' ignored in --skip-name-resolve mode.
2018-03-28 16:24:37 14 [Note] Event Scheduler: Loaded 0 events
2018-03-28 16:24:37 14 [Note] /usr/sbin/mysqld: ready for connections.
Version: '5.6.37'  socket: '/var/run/mysqld/mysqld.sock'  port: 3306  MySQL Community Server (GPL)
2018-03-29 10:12:58 14 [Warning] Using unique option prefix myisam-recover instead of myisam-recover-options is deprecated and will be removed in a future release. Please use the full name instead.
2018-03-29 10:12:58 14 [Note] Plugin 'FEDERATED' is disabled.
2018-03-29 10:12:58 14 [Note] InnoDB: Using atomics to ref count buffer pool pages
2018-03-29 10:12:58 14 [Note] InnoDB: The InnoDB memory heap is disabled
2018-03-29 10:12:58 14 [Note] InnoDB: Mutexes and rw_locks use GCC atomic builtins
2018-03-29 10:12:58 14 [Note] InnoDB: Memory barrier is not used
2018-03-29 10:12:58 14 [Note] InnoDB: Compressed tables use zlib 1.2.3
2018-03-29 10:12:58 14 [Note] InnoDB: Using Linux native AIO
2018-03-29 10:12:58 14 [Note] InnoDB: Using CPU crc32 instructions
2018-03-29 10:12:58 14 [Note] InnoDB: Initializing buffer pool, size = 32.0M
2018-03-29 10:12:58 14 [Note] InnoDB: Completed initialization of buffer pool
2018-03-29 10:12:59 14 [Note] InnoDB: Highest supported file format is Barracuda.
2018-03-29 10:12:59 14 [Note] InnoDB: The log sequence numbers 3963409 and 3963409 in ibdata files do not match the log sequence number 6410588 in the ib_logfiles!
2018-03-29 10:12:59 14 [Note] InnoDB: Database was not shutdown normally!
2018-03-29 10:12:59 14 [Note] InnoDB: Starting crash recovery.
2018-03-29 10:12:59 14 [Note] InnoDB: Reading tablespace information from the .ibd files...
2018-03-29 10:12:59 14 [Note] InnoDB: Restoring possible half-written data pages 
2018-03-29 10:12:59 14 [Note] InnoDB: from the doublewrite buffer...
2018-03-29 10:13:01 14 [Note] InnoDB: 128 rollback segment(s) are active.
2018-03-29 10:13:01 14 [Note] InnoDB: Waiting for purge to start
2018-03-29 10:13:01 14 [Note] InnoDB: 5.6.37 started; log sequence number 6410588
2018-03-29 10:13:01 14 [Note] Server hostname (bind-address): '*'; port: 3306
2018-03-29 10:13:01 14 [Note] IPv6 is available.
2018-03-29 10:13:01 14 [Note]   - '::' resolves to '::';
2018-03-29 10:13:01 14 [Note] Server socket created on IP: '::'.
2018-03-29 10:13:01 14 [Warning] 'user' entry 'root@e24d0b5cccc1' ignored in --skip-name-resolve mode.
2018-03-29 10:13:01 14 [Warning] 'user' entry '@e24d0b5cccc1' ignored in --skip-name-resolve mode.
2018-03-29 10:13:01 14 [Warning] 'proxies_priv' entry '@ root@e24d0b5cccc1' ignored in --skip-name-resolve mode.
2018-03-29 10:13:01 14 [Note] Event Scheduler: Loaded 0 events
2018-03-29 10:13:01 14 [Note] /usr/sbin/mysqld: ready for connections.
Version: '5.6.37'  socket: '/var/run/mysqld/mysqld.sock'  port: 3306  MySQL Community Server (GPL)
2018-03-29 11:26:45 55 [Warning] Using unique option prefix myisam-recover instead of myisam-recover-options is deprecated and will be removed in a future release. Please use the full name instead.
2018-03-29 11:26:45 55 [Note] Plugin 'FEDERATED' is disabled.
2018-03-29 11:26:45 55 [Note] InnoDB: Using atomics to ref count buffer pool pages
2018-03-29 11:26:45 55 [Note] InnoDB: The InnoDB memory heap is disabled
2018-03-29 11:26:45 55 [Note] InnoDB: Mutexes and rw_locks use GCC atomic builtins
2018-03-29 11:26:45 55 [Note] InnoDB: Memory barrier is not used
2018-03-29 11:26:45 55 [Note] InnoDB: Compressed tables use zlib 1.2.3
2018-03-29 11:26:45 55 [Note] InnoDB: Using Linux native AIO
2018-03-29 11:26:45 55 [Note] InnoDB: Using CPU crc32 instructions
2018-03-29 11:26:45 55 [Note] InnoDB: Initializing buffer pool, size = 32.0M
2018-03-29 11:26:45 55 [Note] InnoDB: Completed initialization of buffer pool
2018-03-29 11:26:46 55 [Note] InnoDB: Highest supported file format is Barracuda.
2018-03-29 11:26:46 55 [Note] InnoDB: The log sequence numbers 3963409 and 3963409 in ibdata files do not match the log sequence number 6410598 in the ib_logfiles!
2018-03-29 11:26:46 55 [Note] InnoDB: Database was not shutdown normally!
2018-03-29 11:26:46 55 [Note] InnoDB: Starting crash recovery.
2018-03-29 11:26:46 55 [Note] InnoDB: Reading tablespace information from the .ibd files...
2018-03-29 11:26:46 55 [Note] InnoDB: Restoring possible half-written data pages 
2018-03-29 11:26:46 55 [Note] InnoDB: from the doublewrite buffer...
2018-03-29 11:26:49 55 [Note] InnoDB: 128 rollback segment(s) are active.
2018-03-29 11:26:49 55 [Note] InnoDB: Waiting for purge to start
2018-03-29 11:26:49 55 [Note] InnoDB: 5.6.37 started; log sequence number 6410598
2018-03-29 11:26:49 55 [Note] Server hostname (bind-address): '*'; port: 3306
2018-03-29 11:26:49 55 [Note] IPv6 is available.
2018-03-29 11:26:49 55 [Note]   - '::' resolves to '::';
2018-03-29 11:26:49 55 [Note] Server socket created on IP: '::'.
2018-03-29 11:26:49 55 [Warning] 'user' entry 'root@e24d0b5cccc1' ignored in --skip-name-resolve mode.
2018-03-29 11:26:49 55 [Warning] 'user' entry '@e24d0b5cccc1' ignored in --skip-name-resolve mode.
2018-03-29 11:26:49 55 [Warning] 'proxies_priv' entry '@ root@e24d0b5cccc1' ignored in --skip-name-resolve mode.
2018-03-29 11:26:49 55 [Note] Event Scheduler: Loaded 0 events
2018-03-29 11:26:49 55 [Note] /usr/sbin/mysqld: ready for connections.
Version: '5.6.37'  socket: '/var/run/mysqld/mysqld.sock'  port: 3306  MySQL Community Server (GPL)
2018-03-29 18:05:58 14 [Warning] Using unique option prefix myisam-recover instead of myisam-recover-options is deprecated and will be removed in a future release. Please use the full name instead.
2018-03-29 18:05:58 14 [Note] Plugin 'FEDERATED' is disabled.
2018-03-29 18:05:58 14 [Note] InnoDB: Using atomics to ref count buffer pool pages
2018-03-29 18:05:58 14 [Note] InnoDB: The InnoDB memory heap is disabled
2018-03-29 18:05:58 14 [Note] InnoDB: Mutexes and rw_locks use GCC atomic builtins
2018-03-29 18:05:58 14 [Note] InnoDB: Memory barrier is not used
2018-03-29 18:05:58 14 [Note] InnoDB: Compressed tables use zlib 1.2.3
2018-03-29 18:05:58 14 [Note] InnoDB: Using Linux native AIO
2018-03-29 18:05:58 14 [Note] InnoDB: Using CPU crc32 instructions
2018-03-29 18:05:58 14 [Note] InnoDB: Initializing buffer pool, size = 32.0M
2018-03-29 18:05:58 14 [Note] InnoDB: Completed initialization of buffer pool
2018-03-29 18:05:58 14 [Note] InnoDB: Highest supported file format is Barracuda.
2018-03-29 18:05:58 14 [Note] InnoDB: The log sequence numbers 3963409 and 3963409 in ibdata files do not match the log sequence number 6456635 in the ib_logfiles!
2018-03-29 18:05:58 14 [Note] InnoDB: Database was not shutdown normally!
2018-03-29 18:05:58 14 [Note] InnoDB: Starting crash recovery.
2018-03-29 18:05:58 14 [Note] InnoDB: Reading tablespace information from the .ibd files...
2018-03-29 18:05:59 14 [Note] InnoDB: Restoring possible half-written data pages 
2018-03-29 18:05:59 14 [Note] InnoDB: from the doublewrite buffer...
2018-03-29 18:06:01 14 [Note] InnoDB: 128 rollback segment(s) are active.
2018-03-29 18:06:01 14 [Note] InnoDB: Waiting for purge to start
2018-03-29 18:06:01 14 [Note] InnoDB: 5.6.37 started; log sequence number 6456635
2018-03-29 18:06:01 14 [Note] Server hostname (bind-address): '*'; port: 3306
2018-03-29 18:06:01 14 [Note] IPv6 is available.
2018-03-29 18:06:01 14 [Note]   - '::' resolves to '::';
2018-03-29 18:06:01 14 [Note] Server socket created on IP: '::'.
2018-03-29 18:06:01 14 [Warning] 'user' entry 'root@e24d0b5cccc1' ignored in --skip-name-resolve mode.
2018-03-29 18:06:01 14 [Warning] 'user' entry '@e24d0b5cccc1' ignored in --skip-name-resolve mode.
2018-03-29 18:06:01 14 [Warning] 'proxies_priv' entry '@ root@e24d0b5cccc1' ignored in --skip-name-resolve mode.
2018-03-29 18:06:01 14 [Note] Event Scheduler: Loaded 0 events
2018-03-29 18:06:01 14 [Note] /usr/sbin/mysqld: ready for connections.
Version: '5.6.37'  socket: '/var/run/mysqld/mysqld.sock'  port: 3306  MySQL Community Server (GPL)
2018-03-29 21:17:06 14 [Warning] Using unique option prefix myisam-recover instead of myisam-recover-options is deprecated and will be removed in a future release. Please use the full name instead.
2018-03-29 21:17:06 14 [Note] Plugin 'FEDERATED' is disabled.
2018-03-29 21:17:06 14 [Note] InnoDB: Using atomics to ref count buffer pool pages
2018-03-29 21:17:06 14 [Note] InnoDB: The InnoDB memory heap is disabled
2018-03-29 21:17:06 14 [Note] InnoDB: Mutexes and rw_locks use GCC atomic builtins
2018-03-29 21:17:06 14 [Note] InnoDB: Memory barrier is not used
2018-03-29 21:17:06 14 [Note] InnoDB: Compressed tables use zlib 1.2.3
2018-03-29 21:17:06 14 [Note] InnoDB: Using Linux native AIO
2018-03-29 21:17:07 14 [Note] InnoDB: Using CPU crc32 instructions
2018-03-29 21:17:07 14 [Note] InnoDB: Initializing buffer pool, size = 32.0M
2018-03-29 21:17:07 14 [Note] InnoDB: Completed initialization of buffer pool
2018-03-29 21:17:07 14 [Note] InnoDB: Highest supported file format is Barracuda.
2018-03-29 21:17:07 14 [Note] InnoDB: The log sequence numbers 3963409 and 3963409 in ibdata files do not match the log sequence number 6877949 in the ib_logfiles!
2018-03-29 21:17:07 14 [Note] InnoDB: Database was not shutdown normally!
2018-03-29 21:17:07 14 [Note] InnoDB: Starting crash recovery.
2018-03-29 21:17:07 14 [Note] InnoDB: Reading tablespace information from the .ibd files...
2018-03-29 21:17:07 14 [Note] InnoDB: Restoring possible half-written data pages 
2018-03-29 21:17:07 14 [Note] InnoDB: from the doublewrite buffer...
2018-03-29 21:17:12 14 [Note] InnoDB: 128 rollback segment(s) are active.
2018-03-29 21:17:12 14 [Note] InnoDB: Waiting for purge to start
2018-03-29 21:17:12 14 [Note] InnoDB: 5.6.37 started; log sequence number 6877949
2018-03-29 21:17:13 14 [Note] Server hostname (bind-address): '*'; port: 3306
2018-03-29 21:17:13 14 [Note] IPv6 is available.
2018-03-29 21:17:13 14 [Note]   - '::' resolves to '::';
2018-03-29 21:17:13 14 [Note] Server socket created on IP: '::'.
2018-03-29 21:17:13 14 [Warning] 'user' entry 'root@e24d0b5cccc1' ignored in --skip-name-resolve mode.
2018-03-29 21:17:13 14 [Warning] 'user' entry '@e24d0b5cccc1' ignored in --skip-name-resolve mode.
2018-03-29 21:17:13 14 [Warning] 'proxies_priv' entry '@ root@e24d0b5cccc1' ignored in --skip-name-resolve mode.
2018-03-29 21:17:13 14 [Note] Event Scheduler: Loaded 0 events
2018-03-29 21:17:13 14 [Note] /usr/sbin/mysqld: ready for connections.
Version: '5.6.37'  socket: '/var/run/mysqld/mysqld.sock'  port: 3306  MySQL Community Server (GPL)
2018-03-31 10:08:54 14 [Warning] Using unique option prefix myisam-recover instead of myisam-recover-options is deprecated and will be removed in a future release. Please use the full name instead.
2018-03-31 10:08:54 14 [Note] Plugin 'FEDERATED' is disabled.
2018-03-31 10:08:54 14 [Note] InnoDB: Using atomics to ref count buffer pool pages
2018-03-31 10:08:54 14 [Note] InnoDB: The InnoDB memory heap is disabled
2018-03-31 10:08:54 14 [Note] InnoDB: Mutexes and rw_locks use GCC atomic builtins
2018-03-31 10:08:54 14 [Note] InnoDB: Memory barrier is not used
2018-03-31 10:08:54 14 [Note] InnoDB: Compressed tables use zlib 1.2.3
2018-03-31 10:08:54 14 [Note] InnoDB: Using Linux native AIO
2018-03-31 10:08:54 14 [Note] InnoDB: Using CPU crc32 instructions
2018-03-31 10:08:54 14 [Note] InnoDB: Initializing buffer pool, size = 32.0M
2018-03-31 10:08:54 14 [Note] InnoDB: Completed initialization of buffer pool
2018-03-31 10:08:55 14 [Note] InnoDB: Highest supported file format is Barracuda.
2018-03-31 10:08:55 14 [Note] InnoDB: The log sequence numbers 3963409 and 3963409 in ibdata files do not match the log sequence number 6882480 in the ib_logfiles!
2018-03-31 10:08:55 14 [Note] InnoDB: Database was not shutdown normally!
2018-03-31 10:08:55 14 [Note] InnoDB: Starting crash recovery.
2018-03-31 10:08:55 14 [Note] InnoDB: Reading tablespace information from the .ibd files...
2018-03-31 10:08:55 14 [Note] InnoDB: Restoring possible half-written data pages 
2018-03-31 10:08:55 14 [Note] InnoDB: from the doublewrite buffer...
2018-03-31 10:08:57 14 [Note] InnoDB: 128 rollback segment(s) are active.
2018-03-31 10:08:57 14 [Note] InnoDB: Waiting for purge to start
2018-03-31 10:08:57 14 [Note] InnoDB: 5.6.37 started; log sequence number 6882480
2018-03-31 10:08:57 14 [Note] Server hostname (bind-address): '*'; port: 3306
2018-03-31 10:08:57 14 [Note] IPv6 is available.
2018-03-31 10:08:57 14 [Note]   - '::' resolves to '::';
2018-03-31 10:08:57 14 [Note] Server socket created on IP: '::'.
2018-03-31 10:08:57 14 [Warning] 'user' entry 'root@e24d0b5cccc1' ignored in --skip-name-resolve mode.
2018-03-31 10:08:57 14 [Warning] 'user' entry '@e24d0b5cccc1' ignored in --skip-name-resolve mode.
2018-03-31 10:08:57 14 [Warning] 'proxies_priv' entry '@ root@e24d0b5cccc1' ignored in --skip-name-resolve mode.
2018-03-31 10:08:57 14 [Note] Event Scheduler: Loaded 0 events
2018-03-31 10:08:57 14 [Note] /usr/sbin/mysqld: ready for connections.
Version: '5.6.37'  socket: '/var/run/mysqld/mysqld.sock'  port: 3306  MySQL Community Server (GPL)
2018-03-31 17:59:20 14 [Warning] Using unique option prefix myisam-recover instead of myisam-recover-options is deprecated and will be removed in a future release. Please use the full name instead.
2018-03-31 17:59:20 14 [Note] Plugin 'FEDERATED' is disabled.
2018-03-31 17:59:20 14 [Note] InnoDB: Using atomics to ref count buffer pool pages
2018-03-31 17:59:20 14 [Note] InnoDB: The InnoDB memory heap is disabled
2018-03-31 17:59:20 14 [Note] InnoDB: Mutexes and rw_locks use GCC atomic builtins
2018-03-31 17:59:20 14 [Note] InnoDB: Memory barrier is not used
2018-03-31 17:59:20 14 [Note] InnoDB: Compressed tables use zlib 1.2.3
2018-03-31 17:59:20 14 [Note] InnoDB: Using Linux native AIO
2018-03-31 17:59:20 14 [Note] InnoDB: Using CPU crc32 instructions
2018-03-31 17:59:20 14 [Note] InnoDB: Initializing buffer pool, size = 32.0M
2018-03-31 17:59:20 14 [Note] InnoDB: Completed initialization of buffer pool
2018-03-31 17:59:20 14 [Note] InnoDB: Highest supported file format is Barracuda.
2018-03-31 17:59:20 14 [Note] InnoDB: The log sequence numbers 3963409 and 3963409 in ibdata files do not match the log sequence number 6967684 in the ib_logfiles!
2018-03-31 17:59:20 14 [Note] InnoDB: Database was not shutdown normally!
2018-03-31 17:59:20 14 [Note] InnoDB: Starting crash recovery.
2018-03-31 17:59:20 14 [Note] InnoDB: Reading tablespace information from the .ibd files...
2018-03-31 17:59:20 14 [Note] InnoDB: Restoring possible half-written data pages 
2018-03-31 17:59:20 14 [Note] InnoDB: from the doublewrite buffer...
2018-03-31 17:59:22 14 [Note] InnoDB: 128 rollback segment(s) are active.
2018-03-31 17:59:22 14 [Note] InnoDB: Waiting for purge to start
2018-03-31 17:59:22 14 [Note] InnoDB: 5.6.37 started; log sequence number 6967684
2018-03-31 17:59:22 14 [Note] Server hostname (bind-address): '*'; port: 3306
2018-03-31 17:59:22 14 [Note] IPv6 is available.
2018-03-31 17:59:22 14 [Note]   - '::' resolves to '::';
2018-03-31 17:59:22 14 [Note] Server socket created on IP: '::'.
2018-03-31 17:59:23 14 [Warning] 'user' entry 'root@e24d0b5cccc1' ignored in --skip-name-resolve mode.
2018-03-31 17:59:23 14 [Warning] 'user' entry '@e24d0b5cccc1' ignored in --skip-name-resolve mode.
2018-03-31 17:59:23 14 [Warning] 'proxies_priv' entry '@ root@e24d0b5cccc1' ignored in --skip-name-resolve mode.
2018-03-31 17:59:23 14 [Note] Event Scheduler: Loaded 0 events
2018-03-31 17:59:23 14 [Note] /usr/sbin/mysqld: ready for connections.
Version: '5.6.37'  socket: '/var/run/mysqld/mysqld.sock'  port: 3306  MySQL Community Server (GPL)
2018-04-01 10:05:44 14 [Warning] Using unique option prefix myisam-recover instead of myisam-recover-options is deprecated and will be removed in a future release. Please use the full name instead.
2018-04-01 10:05:44 14 [Note] Plugin 'FEDERATED' is disabled.
2018-04-01 10:05:44 14 [Note] InnoDB: Using atomics to ref count buffer pool pages
2018-04-01 10:05:44 14 [Note] InnoDB: The InnoDB memory heap is disabled
2018-04-01 10:05:44 14 [Note] InnoDB: Mutexes and rw_locks use GCC atomic builtins
2018-04-01 10:05:44 14 [Note] InnoDB: Memory barrier is not used
2018-04-01 10:05:44 14 [Note] InnoDB: Compressed tables use zlib 1.2.3
2018-04-01 10:05:44 14 [Note] InnoDB: Using Linux native AIO
2018-04-01 10:05:44 14 [Note] InnoDB: Using CPU crc32 instructions
2018-04-01 10:05:44 14 [Note] InnoDB: Initializing buffer pool, size = 32.0M
2018-04-01 10:05:44 14 [Note] InnoDB: Completed initialization of buffer pool
2018-04-01 10:05:45 14 [Note] InnoDB: Highest supported file format is Barracuda.
2018-04-01 10:05:45 14 [Note] InnoDB: The log sequence numbers 3963409 and 3963409 in ibdata files do not match the log sequence number 7023782 in the ib_logfiles!
2018-04-01 10:05:45 14 [Note] InnoDB: Database was not shutdown normally!
2018-04-01 10:05:45 14 [Note] InnoDB: Starting crash recovery.
2018-04-01 10:05:45 14 [Note] InnoDB: Reading tablespace information from the .ibd files...
2018-04-01 10:05:45 14 [Note] InnoDB: Restoring possible half-written data pages 
2018-04-01 10:05:45 14 [Note] InnoDB: from the doublewrite buffer...
2018-04-01 10:05:46 14 [Note] InnoDB: 128 rollback segment(s) are active.
2018-04-01 10:05:46 14 [Note] InnoDB: Waiting for purge to start
2018-04-01 10:05:47 14 [Note] InnoDB: 5.6.37 started; log sequence number 7023782
2018-04-01 10:05:47 14 [Note] Server hostname (bind-address): '*'; port: 3306
2018-04-01 10:05:47 14 [Note] IPv6 is available.
2018-04-01 10:05:47 14 [Note]   - '::' resolves to '::';
2018-04-01 10:05:47 14 [Note] Server socket created on IP: '::'.
2018-04-01 10:05:47 14 [Warning] 'user' entry 'root@e24d0b5cccc1' ignored in --skip-name-resolve mode.
2018-04-01 10:05:47 14 [Warning] 'user' entry '@e24d0b5cccc1' ignored in --skip-name-resolve mode.
2018-04-01 10:05:47 14 [Warning] 'proxies_priv' entry '@ root@e24d0b5cccc1' ignored in --skip-name-resolve mode.
2018-04-01 10:05:47 14 [Note] Event Scheduler: Loaded 0 events
2018-04-01 10:05:47 14 [Note] /usr/sbin/mysqld: ready for connections.
Version: '5.6.37'  socket: '/var/run/mysqld/mysqld.sock'  port: 3306  MySQL Community Server (GPL)
2018-04-01 20:07:26 14 [Warning] Using unique option prefix myisam-recover instead of myisam-recover-options is deprecated and will be removed in a future release. Please use the full name instead.
2018-04-01 20:07:26 14 [Note] Plugin 'FEDERATED' is disabled.
2018-04-01 20:07:26 14 [Note] InnoDB: Using atomics to ref count buffer pool pages
2018-04-01 20:07:26 14 [Note] InnoDB: The InnoDB memory heap is disabled
2018-04-01 20:07:26 14 [Note] InnoDB: Mutexes and rw_locks use GCC atomic builtins
2018-04-01 20:07:26 14 [Note] InnoDB: Memory barrier is not used
2018-04-01 20:07:26 14 [Note] InnoDB: Compressed tables use zlib 1.2.3
2018-04-01 20:07:26 14 [Note] InnoDB: Using Linux native AIO
2018-04-01 20:07:26 14 [Note] InnoDB: Using CPU crc32 instructions
2018-04-01 20:07:26 14 [Note] InnoDB: Initializing buffer pool, size = 32.0M
2018-04-01 20:07:26 14 [Note] InnoDB: Completed initialization of buffer pool
2018-04-01 20:07:26 14 [Note] InnoDB: Highest supported file format is Barracuda.
2018-04-01 20:07:26 14 [Note] InnoDB: The log sequence numbers 3963409 and 3963409 in ibdata files do not match the log sequence number 8224115 in the ib_logfiles!
2018-04-01 20:07:26 14 [Note] InnoDB: Database was not shutdown normally!
2018-04-01 20:07:26 14 [Note] InnoDB: Starting crash recovery.
2018-04-01 20:07:26 14 [Note] InnoDB: Reading tablespace information from the .ibd files...
2018-04-01 20:07:27 14 [Note] InnoDB: Restoring possible half-written data pages 
2018-04-01 20:07:27 14 [Note] InnoDB: from the doublewrite buffer...
2018-04-01 20:07:29 14 [Note] InnoDB: 128 rollback segment(s) are active.
2018-04-01 20:07:29 14 [Note] InnoDB: Waiting for purge to start
2018-04-01 20:07:29 14 [Note] InnoDB: 5.6.37 started; log sequence number 8224115
2018-04-01 20:07:29 14 [Note] Server hostname (bind-address): '*'; port: 3306
2018-04-01 20:07:29 14 [Note] IPv6 is available.
2018-04-01 20:07:29 14 [Note]   - '::' resolves to '::';
2018-04-01 20:07:29 14 [Note] Server socket created on IP: '::'.
2018-04-01 20:07:29 14 [Warning] 'user' entry 'root@e24d0b5cccc1' ignored in --skip-name-resolve mode.
2018-04-01 20:07:29 14 [Warning] 'user' entry '@e24d0b5cccc1' ignored in --skip-name-resolve mode.
2018-04-01 20:07:29 14 [Warning] 'proxies_priv' entry '@ root@e24d0b5cccc1' ignored in --skip-name-resolve mode.
2018-04-01 20:07:29 14 [Note] Event Scheduler: Loaded 0 events
2018-04-01 20:07:29 14 [Note] /usr/sbin/mysqld: ready for connections.
Version: '5.6.37'  socket: '/var/run/mysqld/mysqld.sock'  port: 3306  MySQL Community Server (GPL)
2018-04-02 08:37:17 14 [Warning] Using unique option prefix myisam-recover instead of myisam-recover-options is deprecated and will be removed in a future release. Please use the full name instead.
2018-04-02 08:37:17 14 [Note] Plugin 'FEDERATED' is disabled.
2018-04-02 08:37:17 14 [Note] InnoDB: Using atomics to ref count buffer pool pages
2018-04-02 08:37:17 14 [Note] InnoDB: The InnoDB memory heap is disabled
2018-04-02 08:37:17 14 [Note] InnoDB: Mutexes and rw_locks use GCC atomic builtins
2018-04-02 08:37:17 14 [Note] InnoDB: Memory barrier is not used
2018-04-02 08:37:17 14 [Note] InnoDB: Compressed tables use zlib 1.2.3
2018-04-02 08:37:17 14 [Note] InnoDB: Using Linux native AIO
2018-04-02 08:37:17 14 [Note] InnoDB: Using CPU crc32 instructions
2018-04-02 08:37:17 14 [Note] InnoDB: Initializing buffer pool, size = 32.0M
2018-04-02 08:37:17 14 [Note] InnoDB: Completed initialization of buffer pool
2018-04-02 08:37:18 14 [Note] InnoDB: Highest supported file format is Barracuda.
2018-04-02 08:37:18 14 [Note] InnoDB: The log sequence numbers 3963409 and 3963409 in ibdata files do not match the log sequence number 8600376 in the ib_logfiles!
2018-04-02 08:37:18 14 [Note] InnoDB: Database was not shutdown normally!
2018-04-02 08:37:18 14 [Note] InnoDB: Starting crash recovery.
2018-04-02 08:37:18 14 [Note] InnoDB: Reading tablespace information from the .ibd files...
2018-04-02 08:37:18 14 [Note] InnoDB: Restoring possible half-written data pages 
2018-04-02 08:37:18 14 [Note] InnoDB: from the doublewrite buffer...
2018-04-02 08:37:20 14 [Note] InnoDB: 128 rollback segment(s) are active.
2018-04-02 08:37:20 14 [Note] InnoDB: Waiting for purge to start
2018-04-02 08:37:20 14 [Note] InnoDB: 5.6.37 started; log sequence number 8600376
2018-04-02 08:37:20 14 [Note] Server hostname (bind-address): '*'; port: 3306
2018-04-02 08:37:20 14 [Note] IPv6 is available.
2018-04-02 08:37:20 14 [Note]   - '::' resolves to '::';
2018-04-02 08:37:20 14 [Note] Server socket created on IP: '::'.
2018-04-02 08:37:20 14 [Warning] 'user' entry 'root@e24d0b5cccc1' ignored in --skip-name-resolve mode.
2018-04-02 08:37:20 14 [Warning] 'user' entry '@e24d0b5cccc1' ignored in --skip-name-resolve mode.
2018-04-02 08:37:20 14 [Warning] 'proxies_priv' entry '@ root@e24d0b5cccc1' ignored in --skip-name-resolve mode.
2018-04-02 08:37:20 14 [Note] Event Scheduler: Loaded 0 events
2018-04-02 08:37:20 14 [Note] /usr/sbin/mysqld: ready for connections.
Version: '5.6.37'  socket: '/var/run/mysqld/mysqld.sock'  port: 3306  MySQL Community Server (GPL)
2018-04-02 10:11:40 14 [Warning] Using unique option prefix myisam-recover instead of myisam-recover-options is deprecated and will be removed in a future release. Please use the full name instead.
2018-04-02 10:11:40 14 [Note] Plugin 'FEDERATED' is disabled.
2018-04-02 10:11:40 14 [Note] InnoDB: Using atomics to ref count buffer pool pages
2018-04-02 10:11:40 14 [Note] InnoDB: The InnoDB memory heap is disabled
2018-04-02 10:11:40 14 [Note] InnoDB: Mutexes and rw_locks use GCC atomic builtins
2018-04-02 10:11:40 14 [Note] InnoDB: Memory barrier is not used
2018-04-02 10:11:40 14 [Note] InnoDB: Compressed tables use zlib 1.2.3
2018-04-02 10:11:40 14 [Note] InnoDB: Using Linux native AIO
2018-04-02 10:11:40 14 [Note] InnoDB: Using CPU crc32 instructions
2018-04-02 10:11:40 14 [Note] InnoDB: Initializing buffer pool, size = 32.0M
2018-04-02 10:11:40 14 [Note] InnoDB: Completed initialization of buffer pool
2018-04-02 10:11:41 14 [Note] InnoDB: Highest supported file format is Barracuda.
2018-04-02 10:11:41 14 [Note] InnoDB: The log sequence numbers 3963409 and 3963409 in ibdata files do not match the log sequence number 9106916 in the ib_logfiles!
2018-04-02 10:11:41 14 [Note] InnoDB: Database was not shutdown normally!
2018-04-02 10:11:41 14 [Note] InnoDB: Starting crash recovery.
2018-04-02 10:11:41 14 [Note] InnoDB: Reading tablespace information from the .ibd files...
2018-04-02 10:11:41 14 [Note] InnoDB: Restoring possible half-written data pages 
2018-04-02 10:11:41 14 [Note] InnoDB: from the doublewrite buffer...
2018-04-02 10:11:46 14 [Note] InnoDB: 128 rollback segment(s) are active.
2018-04-02 10:11:47 14 [Note] InnoDB: Waiting for purge to start
2018-04-02 10:11:47 14 [Note] InnoDB: 5.6.37 started; log sequence number 9106916
2018-04-02 10:11:47 14 [Note] Server hostname (bind-address): '*'; port: 3306
2018-04-02 10:11:47 14 [Note] IPv6 is available.
2018-04-02 10:11:47 14 [Note]   - '::' resolves to '::';
2018-04-02 10:11:47 14 [Note] Server socket created on IP: '::'.
2018-04-02 10:11:47 14 [Warning] 'user' entry 'root@e24d0b5cccc1' ignored in --skip-name-resolve mode.
2018-04-02 10:11:47 14 [Warning] 'user' entry '@e24d0b5cccc1' ignored in --skip-name-resolve mode.
2018-04-02 10:11:47 14 [Warning] 'proxies_priv' entry '@ root@e24d0b5cccc1' ignored in --skip-name-resolve mode.
2018-04-02 10:11:48 14 [Note] Event Scheduler: Loaded 0 events
2018-04-02 10:11:48 14 [Note] /usr/sbin/mysqld: ready for connections.
Version: '5.6.37'  socket: '/var/run/mysqld/mysqld.sock'  port: 3306  MySQL Community Server (GPL)
